action: python, msg: installpkg
cwd: D:\Temp\Test\pytest-needle-0.3.11
cmd: 'D:\Temp\Test\pytest-needle-0.3.11\.tox\python\Scripts\python.EXE' -m pip install --exists-action w '.tox\.tmp\package\1\pytest-needle-0.3.11.zip'
DEPRECATION: Python 2.7 reached the end of its life on January 1st, 2020. Please upgrade your Python as Python 2.7 is no longer maintained. A future version of pip will drop support for Python 2.7. More details about Python 2 support in pip, can be found at https://pip.pypa.io/en/latest/development/release-process/#python-2-support
Processing d:\temp\test\pytest-needle-0.3.11\.tox\.tmp\package\1\pytest-needle-0.3.11.zip
Collecting pytest<5.0.0,>=3.0.0
  Using cached pytest-4.6.9-py2.py3-none-any.whl (231 kB)
Collecting needle<0.6.0,>=0.5.0
  Using cached needle-0.5.0-py2.py3-none-any.whl (45 kB)
Collecting pytest-selenium<2.0.0,>=1.10.0
  Using cached pytest_selenium-1.17.0-py2.py3-none-any.whl (23 kB)
Collecting wcwidth
  Using cached wcwidth-0.1.9-py2.py3-none-any.whl (19 kB)
Collecting pathlib2>=2.2.0; python_version < "3.6"
  Using cached pathlib2-2.3.5-py2.py3-none-any.whl (18 kB)
Collecting atomicwrites>=1.0
  Using cached atomicwrites-1.3.0-py2.py3-none-any.whl (5.9 kB)
Collecting pluggy<1.0,>=0.12
  Using cached pluggy-0.13.1-py2.py3-none-any.whl (18 kB)
Collecting funcsigs>=1.0; python_version < "3.0"
  Using cached funcsigs-1.0.2-py2.py3-none-any.whl (17 kB)
Collecting attrs>=17.4.0
  Using cached attrs-19.3.0-py2.py3-none-any.whl (39 kB)
Collecting six>=1.10.0
  Using cached six-1.14.0-py2.py3-none-any.whl (10 kB)
Collecting importlib-metadata>=0.12; python_version < "3.8"
  Downloading importlib_metadata-1.6.0-py2.py3-none-any.whl (30 kB)
Collecting more-itertools<6.0.0,>=4.0.0; python_version <= "2.7"
  Using cached more_itertools-5.0.0-py2-none-any.whl (52 kB)
Collecting colorama; sys_platform == "win32" and python_version != "3.4"
  Using cached colorama-0.4.3-py2.py3-none-any.whl (15 kB)
Collecting py>=1.5.0
  Using cached py-1.8.1-py2.py3-none-any.whl (83 kB)
Collecting packaging
  Using cached packaging-20.3-py2.py3-none-any.whl (37 kB)
Collecting nose>=1.0.0
  Using cached nose-1.3.7-py2-none-any.whl (154 kB)
Collecting pillow
  Using cached Pillow-6.2.2-cp27-cp27m-win_amd64.whl (1.9 MB)
Collecting selenium<4,>=2
  Using cached selenium-3.141.0-py2.py3-none-any.whl (904 kB)
Collecting requests
  Using cached requests-2.23.0-py2.py3-none-any.whl (58 kB)
Collecting pytest-variables>=1.5.0
  Using cached pytest_variables-1.9.0-py2.py3-none-any.whl (5.7 kB)
Collecting pytest-html>=1.14.0
  Using cached pytest_html-1.22.1-py2.py3-none-any.whl (15 kB)
Collecting pytest-base-url
  Using cached pytest_base_url-1.4.1-py2.py3-none-any.whl (7.1 kB)
Collecting scandir; python_version < "3.5"
  Using cached scandir-1.10.0-cp27-cp27m-win_amd64.whl (20 kB)
Collecting zipp>=0.5
  Using cached zipp-1.2.0-py2.py3-none-any.whl (4.8 kB)
Collecting configparser>=3.5; python_version < "3"
  Using cached configparser-4.0.2-py2.py3-none-any.whl (22 kB)
Collecting contextlib2; python_version < "3"
  Using cached contextlib2-0.6.0.post1-py2.py3-none-any.whl (9.8 kB)
Collecting pyparsing>=2.0.2
  Downloading pyparsing-2.4.7-py2.py3-none-any.whl (67 kB)
Collecting urllib3
  Using cached urllib3-1.25.8-py2.py3-none-any.whl (125 kB)
Collecting certifi>=2017.4.17
  Downloading certifi-2020.4.5.1-py2.py3-none-any.whl (157 kB)
Collecting idna<3,>=2.5
  Using cached idna-2.9-py2.py3-none-any.whl (58 kB)
Collecting chardet<4,>=3.0.2
  Using cached chardet-3.0.4-py2.py3-none-any.whl (133 kB)
Collecting pytest-metadata
  Using cached pytest_metadata-1.8.0-py2.py3-none-any.whl (9.5 kB)
Building wheels for collected packages: pytest-needle
  Building wheel for pytest-needle (setup.py): started
  Building wheel for pytest-needle (setup.py): finished with status 'done'
  Created wheel for pytest-needle: filename=pytest_needle-0.3.11-py2.py3-none-any.whl size=9688 sha256=8c42b36d7b706c129c3422a26c28e383ba7bef04c92edb34bd649004eb1c3837
  Stored in directory: c:\users\mohamedrafeekm\appdata\local\pip\cache\wheels\3d\31\48\035b04420c844c78d696bd92852dab073da14f08f3ab8046d5
Successfully built pytest-needle
Installing collected packages: wcwidth, six, scandir, pathlib2, atomicwrites, contextlib2, zipp, configparser, importlib-metadata, pluggy, funcsigs, attrs, more-itertools, colorama, py, pyparsing, packaging, pytest, nose, pillow, urllib3, selenium, needle, certifi, idna, chardet, requests, pytest-variables, pytest-metadata, pytest-html, pytest-base-url, pytest-selenium, pytest-needle
  Attempting uninstall: pytest-needle
    Found existing installation: pytest-needle 0.3.11
    Not uninstalling pytest-needle at d:\temp\test\pytest-needle-0.3.11, outside environment D:\Temp\Test\pytest-needle-0.3.11\.tox\python
    Can't uninstall 'pytest-needle'. No files were found to uninstall.
Successfully installed atomicwrites-1.3.0 attrs-19.3.0 certifi-2020.4.5.1 chardet-3.0.4 colorama-0.4.3 configparser-4.0.2 contextlib2-0.6.0.post1 funcsigs-1.0.2 idna-2.9 importlib-metadata-1.6.0 more-itertools-5.0.0 needle-0.5.0 nose-1.3.7 packaging-20.3 pathlib2-2.3.5 pillow-6.2.2 pluggy-0.13.1 py-1.8.1 pyparsing-2.4.7 pytest-4.6.9 pytest-base-url-1.4.1 pytest-html-1.22.1 pytest-metadata-1.8.0 pytest-needle-0.3.11 pytest-selenium-1.17.0 pytest-variables-1.9.0 requests-2.23.0 scandir-1.10.0 selenium-3.141.0 six-1.14.0 urllib3-1.25.8 wcwidth-0.1.9 zipp-1.2.0
